<?xml version="1.0" encoding="UTF-8"?>
<testsuite xmlns:xsi="http://www.w3.org/2001/XMLSchema-instance" xsi:noNamespaceSchemaLocation="https://maven.apache.org/surefire/maven-surefire-plugin/xsd/surefire-test-report-3.0.xsd" version="3.0" name="AIServiceTest" time="0.191" tests="1" errors="0" skipped="0" failures="0">
  <properties>
    <property name="java.specification.version" value="23"/>
    <property name="sun.cpu.isalist" value="amd64"/>
    <property name="sun.jnu.encoding" value="Cp1252"/>
    <property name="java.class.path" value="C:\Users\FEMI\muti-bank-integration\target\test-classes;C:\Users\FEMI\muti-bank-integration\target\classes;C:\Users\FEMI\.m2\repository\org\json\json\20250107\json-20250107.jar;C:\Users\FEMI\.m2\repository\org\junit\platform\junit-platform-launcher\1.12.1\junit-platform-launcher-1.12.1.jar;C:\Users\FEMI\.m2\repository\org\junit\platform\junit-platform-engine\1.12.1\junit-platform-engine-1.12.1.jar;C:\Users\FEMI\.m2\repository\org\opentest4j\opentest4j\1.3.0\opentest4j-1.3.0.jar;C:\Users\FEMI\.m2\repository\org\junit\platform\junit-platform-commons\1.12.1\junit-platform-commons-1.12.1.jar;C:\Users\FEMI\.m2\repository\org\apiguardian\apiguardian-api\1.1.2\apiguardian-api-1.1.2.jar;C:\Users\FEMI\.m2\repository\org\junit\jupiter\junit-jupiter-engine\5.12.1\junit-jupiter-engine-5.12.1.jar;C:\Users\FEMI\.m2\repository\org\junit\jupiter\junit-jupiter-api\5.12.1\junit-jupiter-api-5.12.1.jar;C:\Users\FEMI\.m2\repository\org\junit\vintage\junit-vintage-engine\5.12.1\junit-vintage-engine-5.12.1.jar;C:\Users\FEMI\.m2\repository\junit\junit\4.13.2\junit-4.13.2.jar;C:\Users\FEMI\.m2\repository\org\hamcrest\hamcrest-core\1.3\hamcrest-core-1.3.jar;"/>
    <property name="java.vm.vendor" value="Oracle Corporation"/>
    <property name="sun.arch.data.model" value="64"/>
    <property name="user.variant" value=""/>
    <property name="java.vendor.url" value="https://java.oracle.com/"/>
    <property name="user.timezone" value="Africa/Lagos"/>
    <property name="os.name" value="Windows 11"/>
    <property name="java.vm.specification.version" value="23"/>
    <property name="user.country" value="US"/>
    <property name="sun.java.launcher" value="SUN_STANDARD"/>
    <property name="sun.boot.library.path" value="C:\Program Files\Java\jdk-23\bin"/>
    <property name="sun.java.command" value="C:\Users\FEMI\AppData\Local\Temp\surefire6492496295328181440\surefirebooter-20250408152250084_3.jar C:\Users\FEMI\AppData\Local\Temp\surefire6492496295328181440 2025-04-08T15-22-49_568-jvmRun1 surefire-20250408152250084_1tmp surefire_0-20250408152250084_2tmp"/>
    <property name="jdk.debug" value="release"/>
    <property name="test" value="AIServiceTest#testSmartBudgeting"/>
    <property name="surefire.test.class.path" value="C:\Users\FEMI\muti-bank-integration\target\test-classes;C:\Users\FEMI\muti-bank-integration\target\classes;C:\Users\FEMI\.m2\repository\org\json\json\20250107\json-20250107.jar;C:\Users\FEMI\.m2\repository\org\junit\platform\junit-platform-launcher\1.12.1\junit-platform-launcher-1.12.1.jar;C:\Users\FEMI\.m2\repository\org\junit\platform\junit-platform-engine\1.12.1\junit-platform-engine-1.12.1.jar;C:\Users\FEMI\.m2\repository\org\opentest4j\opentest4j\1.3.0\opentest4j-1.3.0.jar;C:\Users\FEMI\.m2\repository\org\junit\platform\junit-platform-commons\1.12.1\junit-platform-commons-1.12.1.jar;C:\Users\FEMI\.m2\repository\org\apiguardian\apiguardian-api\1.1.2\apiguardian-api-1.1.2.jar;C:\Users\FEMI\.m2\repository\org\junit\jupiter\junit-jupiter-engine\5.12.1\junit-jupiter-engine-5.12.1.jar;C:\Users\FEMI\.m2\repository\org\junit\jupiter\junit-jupiter-api\5.12.1\junit-jupiter-api-5.12.1.jar;C:\Users\FEMI\.m2\repository\org\junit\vintage\junit-vintage-engine\5.12.1\junit-vintage-engine-5.12.1.jar;C:\Users\FEMI\.m2\repository\junit\junit\4.13.2\junit-4.13.2.jar;C:\Users\FEMI\.m2\repository\org\hamcrest\hamcrest-core\1.3\hamcrest-core-1.3.jar;"/>
    <property name="sun.cpu.endian" value="little"/>
    <property name="user.home" value="C:\Users\FEMI"/>
    <property name="user.language" value="en"/>
    <property name="java.specification.vendor" value="Oracle Corporation"/>
    <property name="java.version.date" value="2025-01-21"/>
    <property name="java.home" value="C:\Program Files\Java\jdk-23"/>
    <property name="file.separator" value="\"/>
    <property name="basedir" value="C:\Users\FEMI\muti-bank-integration"/>
    <property name="java.vm.compressedOopsMode" value="32-bit"/>
    <property name="line.separator" value="&#10;"/>
    <property name="java.vm.specification.vendor" value="Oracle Corporation"/>
    <property name="java.specification.name" value="Java Platform API Specification"/>
    <property name="surefire.real.class.path" value="C:\Users\FEMI\AppData\Local\Temp\surefire6492496295328181440\surefirebooter-20250408152250084_3.jar"/>
    <property name="user.script" value=""/>
    <property name="sun.management.compiler" value="HotSpot 64-Bit Tiered Compilers"/>
    <property name="java.runtime.version" value="23.0.2+7-58"/>
    <property name="user.name" value="FEMI"/>
    <property name="stdout.encoding" value="Cp1252"/>
    <property name="path.separator" value=";"/>
    <property name="os.version" value="10.0"/>
    <property name="java.runtime.name" value="Java(TM) SE Runtime Environment"/>
    <property name="file.encoding" value="UTF-8"/>
    <property name="java.vm.name" value="Java HotSpot(TM) 64-Bit Server VM"/>
    <property name="maven.ext.class.path" value="C:\Users\FEMI\.vscode\extensions\oracle.oracle-java-23.1.0\nbcode\java\maven-nblib\netbeans-eventspy.jar"/>
    <property name="localRepository" value="C:\Users\FEMI\.m2\repository"/>
    <property name="java.vendor.url.bug" value="https://bugreport.java.com/bugreport/"/>
    <property name="java.io.tmpdir" value="C:\Users\FEMI\AppData\Local\Temp\"/>
    <property name="java.version" value="23.0.2"/>
    <property name="user.dir" value="C:\Users\FEMI\muti-bank-integration"/>
    <property name="os.arch" value="amd64"/>
    <property name="java.vm.specification.name" value="Java Virtual Machine Specification"/>
    <property name="sun.os.patch.level" value=""/>
    <property name="native.encoding" value="Cp1252"/>
    <property name="java.library.path" value="C:\Program Files\Java\jdk-23\bin;C:\Windows\Sun\Java\bin;C:\Windows\system32;C:\Windows;C:\Program Files\Common Files\Oracle\Java\javapath;c:\Users\FEMI\AppData\Local\Programs\cursor\resources\app\bin;C:\Windows\system32;C:\Windows;C:\Windows\System32\Wbem;C:\Windows\System32\WindowsPowerShell\v1.0\;C:\Windows\System32\OpenSSH\;C:\Program Files\Git\cmd;C:\Users\FEMI\.console-ninja\.bin;C:\Users\FEMI\AppData\Local\Microsoft\WindowsApps;C:\Users\FEMI\AppData\Roaming\npm;C:\Users\FEMI\go\bin;c:\Users\FEMI\AppData\Local\Programs\cursor\resources\app\bin;C:\Program Files\nodejs\;C:\Program Files\Go\bin;C:\ProgramData\chocolatey\bin;C:\Users\FEMI\AppData\Local\Programs\Python\Launcher\;C:\Users\FEMI\AppData\Local\Microsoft\WindowsApps;C:\Users\FEMI\AppData\Local\Programs\Microsoft VS Code\bin;C:\Users\FEMI\go\bin;C:\User\FEMI\PNPM_HOME;C:\Users\FEMI\AppData\Roaming\npm;C:\Users\FEMI\go\bin;C:\Users\FEMI\AppData\Local\Programs\cursor\resources\app\bin;."/>
    <property name="java.vm.info" value="mixed mode, sharing"/>
    <property name="stderr.encoding" value="Cp1252"/>
    <property name="java.vendor" value="Oracle Corporation"/>
    <property name="java.vm.version" value="23.0.2+7-58"/>
    <property name="sun.io.unicode.encoding" value="UnicodeLittle"/>
    <property name="java.class.version" value="67.0"/>
  </properties>
  <testcase name="testSmartBudgeting" classname="AIServiceTest" time="0.114">
    <system-out><![CDATA[setUp() called, aiService initialized: true
Running testSmartBudgeting, aiService is null? false
]]></system-out>
  </testcase>
</testsuite>